<?xml version="1.0" encoding="UTF-8"?>
<testsuite name="uk.co.javahelp.maven.plugin.fitnesse.mojo.CalcWikiFormatClasspathTest" time="0.453" tests="15" errors="0" skipped="0" failures="0">
  <properties>
    <property name="java.runtime.name" value="Java(TM) SE Runtime Environment"/>
    <property name="sun.boot.library.path" value="/usr/lib/jvm/java-6-oracle/jre/lib/i386"/>
    <property name="java.vm.version" value="20.45-b01"/>
    <property name="java.vm.vendor" value="Sun Microsystems Inc."/>
    <property name="java.vendor.url" value="http://java.sun.com/"/>
    <property name="path.separator" value=":"/>
    <property name="guice.disable.misplaced.annotation.check" value="true"/>
    <property name="java.vm.name" value="Java HotSpot(TM) Client VM"/>
    <property name="file.encoding.pkg" value="sun.io"/>
    <property name="user.country" value="US"/>
    <property name="sun.java.launcher" value="SUN_STANDARD"/>
    <property name="sun.os.patch.level" value="unknown"/>
    <property name="java.vm.specification.name" value="Java Virtual Machine Specification"/>
    <property name="user.dir" value="/home/adminuser/java/test/fitnesse/fitnesse-launcher-maven-plugin-read-only"/>
    <property name="java.runtime.version" value="1.6.0_45-b06"/>
    <property name="java.awt.graphicsenv" value="sun.awt.X11GraphicsEnvironment"/>
    <property name="java.endorsed.dirs" value="/usr/lib/jvm/java-6-oracle/jre/lib/endorsed"/>
    <property name="os.arch" value="i386"/>
    <property name="java.io.tmpdir" value="/tmp"/>
    <property name="line.separator" value="&#10;"/>
    <property name="java.vm.specification.vendor" value="Sun Microsystems Inc."/>
    <property name="os.name" value="Linux"/>
    <property name="classworlds.conf" value="/usr/share/maven/bin/m2.conf"/>
    <property name="sun.jnu.encoding" value="UTF-8"/>
    <property name="java.library.path" value="/usr/lib/jvm/java-6-oracle/jre/lib/i386/client:/usr/lib/jvm/java-6-oracle/jre/lib/i386:/usr/lib/jvm/java-6-oracle/jre/../lib/i386:/usr/java/packages/lib/i386:/lib:/usr/lib"/>
    <property name="java.specification.name" value="Java Platform API Specification"/>
    <property name="java.class.version" value="50.0"/>
    <property name="sun.management.compiler" value="HotSpot Client Compiler"/>
    <property name="os.version" value="3.2.0-57-generic-pae"/>
    <property name="user.home" value="/home/adminuser"/>
    <property name="user.timezone" value="Europe/London"/>
    <property name="java.awt.printerjob" value="sun.print.PSPrinterJob"/>
    <property name="file.encoding" value="UTF-8"/>
    <property name="java.specification.version" value="1.6"/>
    <property name="user.name" value="adminuser"/>
    <property name="java.class.path" value="/usr/share/maven/boot/plexus-classworlds-2.x.jar"/>
    <property name="java.vm.specification.version" value="1.0"/>
    <property name="sun.arch.data.model" value="32"/>
    <property name="java.home" value="/usr/lib/jvm/java-6-oracle/jre"/>
    <property name="sun.java.command" value="org.codehaus.plexus.classworlds.launcher.Launcher install"/>
    <property name="java.specification.vendor" value="Sun Microsystems Inc."/>
    <property name="user.language" value="en"/>
    <property name="java.vm.info" value="mixed mode"/>
    <property name="java.version" value="1.6.0_45"/>
    <property name="java.ext.dirs" value="/usr/lib/jvm/java-6-oracle/jre/lib/ext:/usr/java/packages/lib/ext"/>
    <property name="securerandom.source" value="file:/dev/./urandom"/>
    <property name="sun.boot.class.path" value="/usr/lib/jvm/java-6-oracle/jre/lib/resources.jar:/usr/lib/jvm/java-6-oracle/jre/lib/rt.jar:/usr/lib/jvm/java-6-oracle/jre/lib/sunrsasign.jar:/usr/lib/jvm/java-6-oracle/jre/lib/jsse.jar:/usr/lib/jvm/java-6-oracle/jre/lib/jce.jar:/usr/lib/jvm/java-6-oracle/jre/lib/charsets.jar:/usr/lib/jvm/java-6-oracle/jre/lib/modules/jdk.boot.jar:/usr/lib/jvm/java-6-oracle/jre/classes"/>
    <property name="java.vendor" value="Sun Microsystems Inc."/>
    <property name="maven.home" value="/usr/share/maven"/>
    <property name="file.separator" value="/"/>
    <property name="java.vendor.url.bug" value="http://java.sun.com/cgi-bin/bugreport.cgi"/>
    <property name="sun.cpu.endian" value="little"/>
    <property name="sun.io.unicode.encoding" value="UnicodeLittle"/>
    <property name="sun.cpu.isalist" value=""/>
  </properties>
  <testcase name="testMultiDependenciesManyArtifactsEach" classname="uk.co.javahelp.maven.plugin.fitnesse.mojo.CalcWikiFormatClasspathTest" time="0.133"/>
  <testcase name="testStandAloneMode" classname="uk.co.javahelp.maven.plugin.fitnesse.mojo.CalcWikiFormatClasspathTest" time="0.014"/>
  <testcase name="testOneDependencyOneArtifact" classname="uk.co.javahelp.maven.plugin.fitnesse.mojo.CalcWikiFormatClasspathTest" time="0.013"/>
  <testcase name="testNoDependenciesNoFitNesseArtifact" classname="uk.co.javahelp.maven.plugin.fitnesse.mojo.CalcWikiFormatClasspathTest" time="0.011"/>
  <testcase name="testOneDependencyTwoArtifacts" classname="uk.co.javahelp.maven.plugin.fitnesse.mojo.CalcWikiFormatClasspathTest" time="0.011"/>
  <testcase name="testNoDependenciesFitNesseOk" classname="uk.co.javahelp.maven.plugin.fitnesse.mojo.CalcWikiFormatClasspathTest" time="0.014"/>
  <testcase name="testPluginDependenciesAndProjectDependencies" classname="uk.co.javahelp.maven.plugin.fitnesse.mojo.CalcWikiFormatClasspathTest" time="0.029"/>
  <testcase name="testWhitespaceHandling1" classname="uk.co.javahelp.maven.plugin.fitnesse.mojo.CalcWikiFormatClasspathTest" time="0.009"/>
  <testcase name="testWhitespaceHandling2" classname="uk.co.javahelp.maven.plugin.fitnesse.mojo.CalcWikiFormatClasspathTest" time="0.017"/>
  <testcase name="testWithoutDependecyAddedToPluginArtifactsAreNotResolved" classname="uk.co.javahelp.maven.plugin.fitnesse.mojo.CalcWikiFormatClasspathTest" time="0.022"/>
  <testcase name="testProjectDependencyScopes" classname="uk.co.javahelp.maven.plugin.fitnesse.mojo.CalcWikiFormatClasspathTest" time="0.135"/>
  <testcase name="testNoDependenciesNoFitNesseJarFile" classname="uk.co.javahelp.maven.plugin.fitnesse.mojo.CalcWikiFormatClasspathTest" time="0.007"/>
  <testcase name="testTwoDependenciesTwoArtifacts" classname="uk.co.javahelp.maven.plugin.fitnesse.mojo.CalcWikiFormatClasspathTest" time="0.009"/>
  <testcase name="testMissingArtifacts" classname="uk.co.javahelp.maven.plugin.fitnesse.mojo.CalcWikiFormatClasspathTest" time="0.014"/>
  <testcase name="testArtifactResolutionExceptions" classname="uk.co.javahelp.maven.plugin.fitnesse.mojo.CalcWikiFormatClasspathTest" time="0.015"/>
</testsuite>